{
  "RSpec": {
    "coverage": {
      "/mnt/c/users/donia/app/app/channels/application_cable/channel.rb": [
        0,
        0,
        0,
        0
      ],
      "/mnt/c/users/donia/app/app/channels/application_cable/connection.rb": [
        0,
        0,
        0,
        0
      ],
      "/mnt/c/users/donia/app/app/controllers/application_controller.rb": [
        0,
        0,
        0,
        0
      ],
      "/mnt/c/users/donia/app/app/controllers/comments_controller.rb": [
        0,
        null,
        0,
        0,
        0,
        0,
        null,
        0,
        0,
        0,
        0,
        0,
        null,
        0,
        0,
        0,
        0,
        0,
        0,
        null,
        0,
        0,
        0,
        null,
        0
      ],
      "/mnt/c/users/donia/app/app/controllers/contact_controller.rb": [
        0,
        0,
        0,
        0
      ],
      "/mnt/c/users/donia/app/app/controllers/homeapp_controller.rb": [
        0,
        0,
        null,
        0,
        0,
        null,
        0
      ],
      "/mnt/c/users/donia/app/app/controllers/home_controller.rb": [
        0,
        0,
        0,
        0,
        0,
        0,
        0,
        0,
        null,
        0,
        0,
        null,
        0
      ],
      "/mnt/c/users/donia/app/app/controllers/posts_controller.rb": [
        0,
        0,
        0,
        null,
        null,
        0,
        null,
        0,
        0,
        0,
        null,
        null,
        null,
        0,
        0,
        0,
        null,
        null,
        0,
        0,
        0,
        null,
        null,
        0,
        0,
        null,
        null,
        null,
        0,
        0,
        0,
        0,
        0,
        0,
        0,
        0,
        null,
        null,
        null,
        0,
        0,
        0,
        0,
        0,
        0,
        0,
        0,
        0,
        0,
        0,
        null,
        null,
        null,
        0,
        0,
        0,
        0,
        0,
        0,
        0,
        null,
        0,
        null,
        0,
        0,
        0,
        0,
        null,
        null,
        0,
        0,
        0,
        null,
        0
      ],
      "/mnt/c/users/donia/app/app/controllers/project_controller.rb": [
        0,
        0,
        0,
        0
      ],
      "/mnt/c/users/donia/app/app/controllers/registrations_controller.rb": [
        0,
        null,
        0,
        null,
        0,
        0,
        0,
        null,
        0,
        0,
        0,
        null,
        0,
        0,
        0,
        0,
        0,
        0,
        0,
        0
      ],
      "/mnt/c/users/donia/app/app/controllers/settings_controller.rb": [
        0,
        0,
        0,
        0
      ],
      "/mnt/c/users/donia/app/app/controllers/subscribers_controller.rb": [
        0,
        null,
        0,
        0,
        0,
        null,
        0,
        0,
        0,
        0,
        0,
        0,
        0,
        0,
        0,
        null,
        0,
        null,
        0,
        0,
        0,
        null,
        0
      ],
      "/mnt/c/users/donia/app/app/controllers/users_controller.rb": [
        0,
        0,
        null,
        0,
        0,
        0,
        null,
        0,
        0,
        0,
        null,
        0,
        0,
        0,
        0,
        0,
        0,
        null,
        0,
        null,
        0,
        null,
        0,
        0,
        null,
        0
      ],
      "/mnt/c/users/donia/app/app/helpers/settings_helper.rb": [
        0,
        0
      ],
      "/mnt/c/users/donia/app/app/jobs/application_job.rb": [
        0,
        0
      ],
      "/mnt/c/users/donia/app/app/mailers/application_mailer.rb": [
        0,
        0,
        0,
        0
      ],
      "/mnt/c/users/donia/app/app/mailers/devise_mailer.rb": [
        0,
        null,
        0,
        0,
        0,
        0,
        0,
        null,
        0
      ],
      "/mnt/c/users/donia/app/app/mailers/user_mailer.rb": [
        0,
        null,
        0,
        0,
        0,
        0,
        null,
        0
      ],
      "/mnt/c/users/donia/app/app/models/application_record.rb": [
        0,
        0,
        0
      ],
      "/mnt/c/users/donia/app/app/models/comment.rb": [
        0,
        0,
        0
      ],
      "/mnt/c/users/donia/app/app/models/post.rb": [
        0,
        0,
        0,
        0,
        0
      ],
      "/mnt/c/users/donia/app/app/models/subscriber.rb": [
        0,
        0,
        0
      ],
      "/mnt/c/users/donia/app/app/models/user.rb": [
        0,
        null,
        null,
        0,
        0,
        0,
        null,
        0,
        null,
        0,
        0,
        0,
        null,
        0,
        0,
        0,
        null,
        null,
        0,
        0,
        0,
        null,
        null,
        0,
        0,
        0,
        null,
        0,
        0,
        0,
        0,
        0
      ]
    },
    "timestamp": 1572377045
  }
}
